<?xml version="1.0" encoding="UTF-8"?>
<!-- Generated by org.testng.reporters.JUnitReportReporter -->
<testsuite hostname="DESKTOP-DJ4IH5F" failures="0" tests="2" name="selenium_webautomation_Learn.ORM_Testing.TestNGAnnotationExample" time="0.023" errors="0" timestamp="2024-09-01T14:50:51 IST" skipped="0">
  <testcase classname="selenium_webautomation_Learn.ORM_Testing.TestNGAnnotationExample" name="advsearch" time="0.010"/>
  <system-out/>
  <testcase classname="selenium_webautomation_Learn.ORM_Testing.TestNGAnnotationExample" name="search" time="0.013"/>
  <system-out/>
</testsuite> <!-- selenium_webautomation_Learn.ORM_Testing.TestNGAnnotationExample -->
