<?xml version="1.0" encoding="UTF-8"?>
<!-- Generated by org.testng.reporters.JUnitReportReporter -->
<testsuite hostname="DESKTOP-DJ4IH5F" failures="0" tests="2" name="selenium_webautomation_Learn.ORM_Testing.Demo2_Annotations" time="0.009" errors="0" timestamp="2024-09-01T16:27:22 IST" skipped="0">
  <testcase classname="selenium_webautomation_Learn.ORM_Testing.Demo2_Annotations" name="search" time="0.001"/>
  <system-out/>
  <testcase classname="selenium_webautomation_Learn.ORM_Testing.Demo2_Annotations" name="advsearch" time="0.008"/>
  <system-out/>
</testsuite> <!-- selenium_webautomation_Learn.ORM_Testing.Demo2_Annotations -->
