<?xml version="1.0" encoding="UTF-8"?>
<!-- Generated by org.testng.reporters.JUnitReportReporter -->
<testsuite hostname="DESKTOP-DJ4IH5F" failures="0" tests="4" name="selenium_webautomation_Learn.ORM_Testing.ORMAPP_Testing" time="32.702" errors="0" timestamp="2024-08-31T21:54:29 IST" skipped="0">
  <testcase classname="selenium_webautomation_Learn.ORM_Testing.ORMAPP_Testing" name="appLaunch" time="28.329"/>
  <system-out/>
  <testcase classname="selenium_webautomation_Learn.ORM_Testing.ORMAPP_Testing" name="testLogo" time="2.696"/>
  <system-out/>
  <testcase classname="selenium_webautomation_Learn.ORM_Testing.ORMAPP_Testing" name="loginApp" time="0.576"/>
  <system-out/>
  <testcase classname="selenium_webautomation_Learn.ORM_Testing.ORMAPP_Testing" name="logOut" time="1.101"/>
  <system-out/>
</testsuite> <!-- selenium_webautomation_Learn.ORM_Testing.ORMAPP_Testing -->
